<?xml version="1.0" encoding="UTF-8"?>
<!-- Generated by org.testng.reporters.JUnitReportReporter -->
<testsuite hostname="DESKTOP-LT2J94K" failures="0" tests="2" name="testngg.copy.Tutorial1" time="0.010" errors="0" timestamp="2025-05-31T16:51:36 IST" skipped="0">
  <testcase classname="testngg.copy.Tutorial1" name="tutorial11" time="0.009"/>
  <testcase classname="testngg.copy.Tutorial1" name="tutorial12" time="0.001"/>
</testsuite> <!-- testngg.copy.Tutorial1 -->
