<?xml version="1.0" encoding="UTF-8"?>
<!-- Generated by org.testng.reporters.JUnitReportReporter -->
<testsuite hostname="DESKTOP-LT2J94K" failures="0" tests="2" name="testngg_1.Class3" time="0.012" errors="0" timestamp="2025-05-31T16:11:18 IST" skipped="0">
  <testcase classname="testngg_1.Class3" name="test113" time="0.001"/>
  <testcase classname="testngg_1.Class3" name="test111" time="0.011"/>
</testsuite> <!-- testngg_1.Class3 -->
