<?xml version="1.0" encoding="UTF-8"?>
<!-- Generated by org.testng.reporters.JUnitReportReporter -->
<testsuite hostname="DESKTOP-LT2J94K" failures="0" tests="2" name="testngg.Practice3" time="0.004" errors="0" timestamp="2025-05-31T20:43:24 IST" skipped="0">
  <testcase classname="testngg.Practice3" name="test8" time="0.002"/>
  <testcase classname="testngg.Practice3" name="test6" time="0.002"/>
</testsuite> <!-- testngg.Practice3 -->
