<?xml version="1.0" encoding="UTF-8"?>
<!-- Generated by org.testng.reporters.JUnitReportReporter -->
<testsuite hostname="DESKTOP-LT2J94K" failures="0" tests="5" name="testngg_1.Amazon" time="0.017" errors="0" timestamp="2025-05-31T19:21:15 IST" skipped="0">
  <testcase classname="testngg_1.Amazon" name="a" time="0.009"/>
  <testcase classname="testngg_1.Amazon" name="alogin" time="0.001"/>
  <testcase classname="testngg_1.Amazon" name="alogin" time="0.001"/>
  <testcase classname="testngg_1.Amazon" name="alogin" time="0.004"/>
  <testcase classname="testngg_1.Amazon" name="homepage" time="0.002"/>
</testsuite> <!-- testngg_1.Amazon -->
