<?xml version="1.0" encoding="UTF-8"?>
<!-- Generated by org.testng.reporters.JUnitReportReporter -->
<testsuite hostname="DESKTOP-LT2J94K" failures="0" tests="3" name="testngg.Practice2" time="0.002" errors="0" timestamp="2025-05-31T20:43:24 IST" skipped="0">
  <testcase classname="testngg.Practice2" name="test3" time="0.001"/>
  <testcase classname="testngg.Practice2" name="test4" time="0.000"/>
  <testcase classname="testngg.Practice2" name="test5" time="0.001"/>
</testsuite> <!-- testngg.Practice2 -->
