<?xml version="1.0" encoding="UTF-8"?>
<!-- Generated by org.testng.reporters.JUnitReportReporter -->
<testsuite hostname="DESKTOP-LT2J94K" failures="0" tests="2" name="testngg_1.Class1" time="0.002" errors="0" timestamp="2025-05-31T16:11:18 IST" skipped="0">
  <testcase classname="testngg_1.Class1" name="Class1test1" time="0.001"/>
  <testcase classname="testngg_1.Class1" name="test2" time="0.001"/>
</testsuite> <!-- testngg_1.Class1 -->
