<?xml version="1.0" encoding="UTF-8"?>
<!-- Generated by org.testng.reporters.JUnitReportReporter -->
<testsuite hostname="DESKTOP-LT2J94K" failures="0" tests="1" name="testngg.Practice1" time="0.015" errors="0" timestamp="2025-05-31T20:43:24 IST" skipped="0">
  <testcase classname="testngg.Practice1" name="test2" time="0.015"/>
</testsuite> <!-- testngg.Practice1 -->
